{"/Users/andrew/dev/argali-2/src/main.js": {"path":"/Users/andrew/dev/argali-2/src/main.js","statementMap":{"0":{"start":{"line":1,"column":0},"end":{"line":null,"column":-1}},"1":{"start":{"line":2,"column":0},"end":{"line":null,"column":-1}},"2":{"start":{"line":4,"column":0},"end":{"line":null,"column":-1}},"3":{"start":{"line":5,"column":0},"end":{"line":null,"column":-1}},"4":{"start":{"line":6,"column":0},"end":{"line":null,"column":-1}},"5":{"start":{"line":8,"column":0},"end":{"line":null,"column":-1}},"6":{"start":{"line":9,"column":0},"end":{"line":null,"column":-1}},"7":{"start":{"line":11,"column":0},"end":{"line":null,"column":-1}},"8":{"start":{"line":12,"column":0},"end":{"line":null,"column":-1}},"9":{"start":{"line":15,"column":0},"end":{"line":null,"column":-1}},"10":{"start":{"line":18,"column":4},"end":{"line":null,"column":-1}},"11":{"start":{"line":29,"column":4},"end":{"line":31,"column":5}},"12":{"start":{"line":30,"column":8},"end":{"line":null,"column":-1}},"13":{"start":{"line":33,"column":4},"end":{"line":35,"column":5}},"14":{"start":{"line":34,"column":8},"end":{"line":null,"column":-1}},"15":{"start":{"line":37,"column":4},"end":{"line":null,"column":-1}},"16":{"start":{"line":37,"column":31},"end":{"line":37,"column":4}}},"fnMap":{"0":{"name":"configure","decl":{"start":{"line":17,"column":16},"end":{"line":17,"column":7}},"loc":{"start":{"line":17,"column":35},"end":{"line":38,"column":1}}},"1":{"name":"(anonymous_3)","decl":{"start":{"line":37,"column":25},"end":{"line":37,"column":30}},"loc":{"start":{"line":37,"column":31},"end":{"line":37,"column":4}}}},"branchMap":{"0":{"loc":{"start":{"line":29,"column":4},"end":{"line":31,"column":5}},"type":"if","locations":[{"start":{"line":29,"column":4},"end":{"line":31,"column":5}},{"start":{"line":29,"column":4},"end":{"line":31,"column":5}}]},"1":{"loc":{"start":{"line":33,"column":4},"end":{"line":35,"column":5}},"type":"if","locations":[{"start":{"line":33,"column":4},"end":{"line":35,"column":5}},{"start":{"line":33,"column":4},"end":{"line":35,"column":5}}]}},"s":{"0":0,"1":0,"2":0,"3":0,"4":0,"5":0,"6":0,"7":0,"8":0,"9":0,"10":0,"11":0,"12":0,"13":0,"14":0,"15":0,"16":0},"f":{"0":0,"1":0},"b":{"0":[0,0],"1":[0,0]}}
,"/Users/andrew/dev/argali-2/src/messages.js": {"path":"/Users/andrew/dev/argali-2/src/messages.js","statementMap":{"0":{"start":{"line":3,"column":8},"end":{"line":null,"column":-1}},"1":{"start":{"line":9,"column":8},"end":{"line":null,"column":-1}},"2":{"start":{"line":15,"column":8},"end":{"line":null,"column":-1}}},"fnMap":{"0":{"name":"(anonymous_0)","decl":{"start":{"line":2,"column":4},"end":{"line":2,"column":15}},"loc":{"start":{"line":2,"column":25},"end":{"line":4,"column":5}}},"1":{"name":"(anonymous_1)","decl":{"start":{"line":8,"column":4},"end":{"line":8,"column":15}},"loc":{"start":{"line":8,"column":25},"end":{"line":10,"column":5}}},"2":{"name":"(anonymous_2)","decl":{"start":{"line":14,"column":4},"end":{"line":14,"column":15}},"loc":{"start":{"line":14,"column":22},"end":{"line":16,"column":5}}}},"branchMap":{},"s":{"0":0,"1":0,"2":0},"f":{"0":0,"1":0,"2":0},"b":{}}
,"/Users/andrew/dev/argali-2/src/utility.js": {"path":"/Users/andrew/dev/argali-2/src/utility.js","statementMap":{"0":{"start":{"line":2,"column":4},"end":{"line":null,"column":-1}},"1":{"start":{"line":2,"column":44},"end":{"line":2,"column":11}}},"fnMap":{"0":{"name":"areEqual","decl":{"start":{"line":1,"column":16},"end":{"line":1,"column":7}},"loc":{"start":{"line":1,"column":37},"end":{"line":3,"column":1}}},"1":{"name":"(anonymous_1)","decl":{"start":{"line":2,"column":36},"end":{"line":2,"column":34}},"loc":{"start":{"line":2,"column":44},"end":{"line":2,"column":11}}}},"branchMap":{"0":{"loc":{"start":{"line":2,"column":44},"end":{"line":2,"column":72}},"type":"binary-expr","locations":[{"start":{"line":2,"column":44},"end":{"line":2,"column":72}},{"start":{"line":2,"column":73},"end":{"line":2,"column":11}}]}},"s":{"0":0,"1":0},"f":{"0":0,"1":0},"b":{"0":[0,0]}}
,"/Users/andrew/dev/argali-2/src/web-api.js": {"path":"/Users/andrew/dev/argali-2/src/web-api.js","statementMap":{"0":{"start":{"line":1,"column":14},"end":{"line":1,"column":0}},"1":{"start":{"line":2,"column":9},"end":{"line":2,"column":0}},"2":{"start":{"line":5,"column":4},"end":{"line":null,"column":-1}},"3":{"start":{"line":8,"column":15},"end":{"line":8,"column":0}},"4":{"start":{"line":46,"column":20},"end":{"line":null,"column":-1}},"5":{"start":{"line":50,"column":8},"end":{"line":null,"column":-1}},"6":{"start":{"line":51,"column":8},"end":{"line":null,"column":-1}},"7":{"start":{"line":52,"column":12},"end":{"line":null,"column":-1}},"8":{"start":{"line":53,"column":30},"end":{"line":53,"column":16}},"9":{"start":{"line":54,"column":20},"end":{"line":null,"column":-1}},"10":{"start":{"line":61,"column":16},"end":{"line":null,"column":-1}},"11":{"start":{"line":62,"column":16},"end":{"line":null,"column":-1}},"12":{"start":{"line":68,"column":8},"end":{"line":null,"column":-1}},"13":{"start":{"line":69,"column":8},"end":{"line":null,"column":-1}},"14":{"start":{"line":70,"column":12},"end":{"line":null,"column":-1}},"15":{"start":{"line":71,"column":28},"end":{"line":71,"column":16}},"16":{"start":{"line":71,"column":49},"end":{"line":71,"column":28}},"17":{"start":{"line":72,"column":16},"end":{"line":null,"column":-1}},"18":{"start":{"line":73,"column":16},"end":{"line":null,"column":-1}},"19":{"start":{"line":79,"column":8},"end":{"line":null,"column":-1}},"20":{"start":{"line":80,"column":8},"end":{"line":null,"column":-1}},"21":{"start":{"line":81,"column":12},"end":{"line":null,"column":-1}},"22":{"start":{"line":82,"column":31},"end":{"line":82,"column":16}},"23":{"start":{"line":83,"column":28},"end":{"line":83,"column":16}},"24":{"start":{"line":83,"column":49},"end":{"line":83,"column":28}},"25":{"start":{"line":85,"column":16},"end":{"line":91,"column":17}},"26":{"start":{"line":86,"column":32},"end":{"line":86,"column":20}},"27":{"start":{"line":87,"column":20},"end":{"line":null,"column":-1}},"28":{"start":{"line":89,"column":20},"end":{"line":null,"column":-1}},"29":{"start":{"line":90,"column":20},"end":{"line":null,"column":-1}},"30":{"start":{"line":93,"column":16},"end":{"line":null,"column":-1}},"31":{"start":{"line":94,"column":16},"end":{"line":null,"column":-1}}},"fnMap":{"0":{"name":"getId","decl":{"start":{"line":4,"column":9},"end":{"line":4,"column":0}},"loc":{"start":{"line":4,"column":17},"end":{"line":6,"column":1}}},"1":{"name":"(anonymous_1)","decl":{"start":{"line":46,"column":20},"end":{"line":null,"column":-1}},"loc":{"start":{"line":46,"column":20},"end":{"line":null,"column":-1}}},"2":{"name":"(anonymous_2)","decl":{"start":{"line":49,"column":4},"end":{"line":49,"column":20}},"loc":{"start":{"line":49,"column":21},"end":{"line":65,"column":5}}},"3":{"name":"(anonymous_3)","decl":{"start":{"line":51,"column":27},"end":{"line":51,"column":37}},"loc":{"start":{"line":51,"column":38},"end":{"line":51,"column":15}}},"4":{"name":"(anonymous_4)","decl":{"start":{"line":52,"column":23},"end":{"line":52,"column":28}},"loc":{"start":{"line":52,"column":29},"end":{"line":52,"column":12}}},"5":{"name":"(anonymous_5)","decl":{"start":{"line":53,"column":43},"end":{"line":53,"column":48}},"loc":{"start":{"line":53,"column":49},"end":{"line":53,"column":30}}},"6":{"name":"(anonymous_6)","decl":{"start":{"line":67,"column":4},"end":{"line":67,"column":21}},"loc":{"start":{"line":67,"column":26},"end":{"line":76,"column":5}}},"7":{"name":"(anonymous_7)","decl":{"start":{"line":69,"column":27},"end":{"line":69,"column":37}},"loc":{"start":{"line":69,"column":38},"end":{"line":69,"column":15}}},"8":{"name":"(anonymous_8)","decl":{"start":{"line":70,"column":23},"end":{"line":70,"column":28}},"loc":{"start":{"line":70,"column":29},"end":{"line":70,"column":12}}},"9":{"name":"(anonymous_9)","decl":{"start":{"line":71,"column":44},"end":{"line":71,"column":48}},"loc":{"start":{"line":71,"column":49},"end":{"line":71,"column":28}}},"10":{"name":"(anonymous_10)","decl":{"start":{"line":78,"column":4},"end":{"line":78,"column":15}},"loc":{"start":{"line":78,"column":25},"end":{"line":97,"column":5}}},"11":{"name":"(anonymous_11)","decl":{"start":{"line":80,"column":27},"end":{"line":80,"column":37}},"loc":{"start":{"line":80,"column":38},"end":{"line":80,"column":15}}},"12":{"name":"(anonymous_12)","decl":{"start":{"line":81,"column":23},"end":{"line":81,"column":28}},"loc":{"start":{"line":81,"column":29},"end":{"line":81,"column":12}}},"13":{"name":"(anonymous_13)","decl":{"start":{"line":83,"column":44},"end":{"line":83,"column":48}},"loc":{"start":{"line":83,"column":49},"end":{"line":83,"column":28}}}},"branchMap":{"0":{"loc":{"start":{"line":85,"column":16},"end":{"line":91,"column":17}},"type":"if","locations":[{"start":{"line":85,"column":16},"end":{"line":91,"column":17}},{"start":{"line":85,"column":16},"end":{"line":91,"column":17}}]}},"s":{"0":0,"1":0,"2":0,"3":0,"4":0,"5":0,"6":0,"7":0,"8":0,"9":0,"10":0,"11":0,"12":0,"13":0,"14":0,"15":0,"16":0,"17":0,"18":0,"19":0,"20":0,"21":0,"22":0,"23":0,"24":0,"25":0,"26":0,"27":0,"28":0,"29":0,"30":0,"31":0},"f":{"0":0,"1":0,"2":0,"3":0,"4":0,"5":0,"6":0,"7":0,"8":0,"9":0,"10":0,"11":0,"12":0,"13":0},"b":{"0":[0,0]}}
,"/Users/andrew/dev/argali-2/src/components/app.js": {"path":"/Users/andrew/dev/argali-2/src/components/app.js","statementMap":{"0":{"start":{"line":1,"column":0},"end":{"line":null,"column":-1}},"1":{"start":{"line":2,"column":0},"end":{"line":null,"column":-1}},"2":{"start":{"line":5,"column":0},"end":{"line":null,"column":-1}},"3":{"start":{"line":6,"column":0},"end":{"line":null,"column":-1}},"4":{"start":{"line":7,"column":0},"end":{"line":null,"column":-1}},"5":{"start":{"line":8,"column":0},"end":{"line":null,"column":-1}},"6":{"start":{"line":10,"column":15},"end":{"line":10,"column":0}},"7":{"start":{"line":11,"column":21},"end":{"line":11,"column":0}},"8":{"start":{"line":17,"column":8},"end":{"line":null,"column":-1}},"9":{"start":{"line":18,"column":8},"end":{"line":null,"column":-1}},"10":{"start":{"line":18,"column":41},"end":{"line":18,"column":8}},"11":{"start":{"line":22,"column":8},"end":{"line":null,"column":-1}},"12":{"start":{"line":23,"column":8},"end":{"line":null,"column":-1}},"13":{"start":{"line":29,"column":8},"end":{"line":null,"column":-1}},"14":{"start":{"line":33,"column":8},"end":{"line":null,"column":-1}},"15":{"start":{"line":37,"column":22},"end":{"line":37,"column":8}},"16":{"start":{"line":38,"column":24},"end":{"line":38,"column":8}},"17":{"start":{"line":39,"column":26},"end":{"line":39,"column":8}},"18":{"start":{"line":40,"column":8},"end":{"line":null,"column":-1}},"19":{"start":{"line":44,"column":8},"end":{"line":null,"column":-1}}},"fnMap":{"0":{"name":"(anonymous_0)","decl":{"start":{"line":16,"column":4},"end":{"line":16,"column":15}},"loc":{"start":{"line":16,"column":20},"end":{"line":19,"column":5}}},"1":{"name":"(anonymous_1)","decl":{"start":{"line":18,"column":34},"end":{"line":18,"column":40}},"loc":{"start":{"line":18,"column":41},"end":{"line":18,"column":8}}},"2":{"name":"(anonymous_2)","decl":{"start":{"line":21,"column":4},"end":{"line":21,"column":19}},"loc":{"start":{"line":21,"column":36},"end":{"line":30,"column":5}}},"3":{"name":"(anonymous_3)","decl":{"start":{"line":32,"column":4},"end":{"line":32,"column":20}},"loc":{"start":{"line":32,"column":27},"end":{"line":34,"column":5}}},"4":{"name":"(anonymous_4)","decl":{"start":{"line":36,"column":4},"end":{"line":36,"column":17}},"loc":{"start":{"line":36,"column":18},"end":{"line":41,"column":5}}},"5":{"name":"(anonymous_5)","decl":{"start":{"line":43,"column":4},"end":{"line":43,"column":17}},"loc":{"start":{"line":43,"column":18},"end":{"line":45,"column":5}}}},"branchMap":{},"s":{"0":0,"1":0,"2":0,"3":0,"4":0,"5":0,"6":0,"7":0,"8":0,"9":0,"10":0,"11":0,"12":0,"13":0,"14":0,"15":0,"16":0,"17":0,"18":0,"19":0},"f":{"0":0,"1":0,"2":0,"3":0,"4":0,"5":0},"b":{}}
,"/Users/andrew/dev/argali-2/src/components/contact-detail.js": {"path":"/Users/andrew/dev/argali-2/src/components/contact-detail.js","statementMap":{"0":{"start":{"line":1,"column":0},"end":{"line":null,"column":-1}},"1":{"start":{"line":2,"column":0},"end":{"line":null,"column":-1}},"2":{"start":{"line":3,"column":0},"end":{"line":null,"column":-1}},"3":{"start":{"line":4,"column":0},"end":{"line":null,"column":-1}},"4":{"start":{"line":5,"column":0},"end":{"line":null,"column":-1}},"5":{"start":{"line":10,"column":8},"end":{"line":null,"column":-1}},"6":{"start":{"line":11,"column":8},"end":{"line":null,"column":-1}},"7":{"start":{"line":15,"column":8},"end":{"line":null,"column":-1}},"8":{"start":{"line":19,"column":8},"end":{"line":null,"column":-1}},"9":{"start":{"line":21,"column":8},"end":{"line":null,"column":-1}},"10":{"start":{"line":22,"column":12},"end":{"line":null,"column":-1}},"11":{"start":{"line":23,"column":12},"end":{"line":null,"column":-1}},"12":{"start":{"line":24,"column":12},"end":{"line":null,"column":-1}},"13":{"start":{"line":25,"column":12},"end":{"line":null,"column":-1}},"14":{"start":{"line":30,"column":8},"end":{"line":null,"column":-1}},"15":{"start":{"line":31,"column":12},"end":{"line":null,"column":-1}},"16":{"start":{"line":32,"column":12},"end":{"line":null,"column":-1}},"17":{"start":{"line":33,"column":12},"end":{"line":null,"column":-1}},"18":{"start":{"line":34,"column":12},"end":{"line":null,"column":-1}},"19":{"start":{"line":39,"column":8},"end":{"line":47,"column":9}},"20":{"start":{"line":40,"column":25},"end":{"line":40,"column":12}},"21":{"start":{"line":42,"column":12},"end":{"line":44,"column":13}},"22":{"start":{"line":43,"column":16},"end":{"line":null,"column":-1}},"23":{"start":{"line":46,"column":12},"end":{"line":null,"column":-1}},"24":{"start":{"line":49,"column":8},"end":{"line":null,"column":-1}}},"fnMap":{"0":{"name":"(anonymous_0)","decl":{"start":{"line":9,"column":4},"end":{"line":9,"column":15}},"loc":{"start":{"line":9,"column":25},"end":{"line":12,"column":5}}},"1":{"name":"(anonymous_1)","decl":{"start":{"line":14,"column":4},"end":{"line":14,"column":7}},"loc":{"start":{"line":14,"column":18},"end":{"line":16,"column":5}}},"2":{"name":"(anonymous_2)","decl":{"start":{"line":18,"column":4},"end":{"line":18,"column":12}},"loc":{"start":{"line":18,"column":34},"end":{"line":27,"column":5}}},"3":{"name":"(anonymous_3)","decl":{"start":{"line":21,"column":58},"end":{"line":21,"column":68}},"loc":{"start":{"line":21,"column":69},"end":{"line":21,"column":15}}},"4":{"name":"(anonymous_4)","decl":{"start":{"line":29,"column":4},"end":{"line":29,"column":10}},"loc":{"start":{"line":29,"column":11},"end":{"line":36,"column":5}}},"5":{"name":"(anonymous_5)","decl":{"start":{"line":30,"column":48},"end":{"line":30,"column":58}},"loc":{"start":{"line":30,"column":59},"end":{"line":30,"column":8}}},"6":{"name":"(anonymous_6)","decl":{"start":{"line":38,"column":4},"end":{"line":38,"column":19}},"loc":{"start":{"line":38,"column":20},"end":{"line":50,"column":5}}}},"branchMap":{"0":{"loc":{"start":{"line":15,"column":15},"end":{"line":15,"column":14}},"type":"binary-expr","locations":[{"start":{"line":15,"column":15},"end":{"line":15,"column":14}},{"start":{"line":15,"column":41},"end":{"line":15,"column":15}},{"start":{"line":15,"column":66},"end":{"line":15,"column":8}}]},"1":{"loc":{"start":{"line":39,"column":8},"end":{"line":47,"column":9}},"type":"if","locations":[{"start":{"line":39,"column":8},"end":{"line":47,"column":9}},{"start":{"line":39,"column":8},"end":{"line":47,"column":9}}]},"2":{"loc":{"start":{"line":42,"column":12},"end":{"line":44,"column":13}},"type":"if","locations":[{"start":{"line":42,"column":12},"end":{"line":44,"column":13}},{"start":{"line":42,"column":12},"end":{"line":44,"column":13}}]}},"s":{"0":0,"1":0,"2":0,"3":0,"4":0,"5":0,"6":0,"7":0,"8":0,"9":0,"10":0,"11":0,"12":0,"13":0,"14":0,"15":0,"16":0,"17":0,"18":0,"19":0,"20":0,"21":0,"22":0,"23":0,"24":0},"f":{"0":0,"1":0,"2":0,"3":0,"4":0,"5":0,"6":0},"b":{"0":[0,0,0],"1":[0,0],"2":[0,0]}}
,"/Users/andrew/dev/argali-2/src/components/contact-list.js": {"path":"/Users/andrew/dev/argali-2/src/components/contact-list.js","statementMap":{"0":{"start":{"line":1,"column":0},"end":{"line":null,"column":-1}},"1":{"start":{"line":2,"column":0},"end":{"line":null,"column":-1}},"2":{"start":{"line":3,"column":0},"end":{"line":null,"column":-1}},"3":{"start":{"line":4,"column":0},"end":{"line":null,"column":-1}},"4":{"start":{"line":9,"column":8},"end":{"line":null,"column":-1}},"5":{"start":{"line":10,"column":8},"end":{"line":null,"column":-1}},"6":{"start":{"line":12,"column":8},"end":{"line":null,"column":-1}},"7":{"start":{"line":12,"column":43},"end":{"line":12,"column":8}},"8":{"start":{"line":13,"column":8},"end":{"line":null,"column":-1}},"9":{"start":{"line":14,"column":21},"end":{"line":14,"column":12}},"10":{"start":{"line":15,"column":24},"end":{"line":15,"column":12}},"11":{"start":{"line":15,"column":48},"end":{"line":15,"column":24}},"12":{"start":{"line":16,"column":12},"end":{"line":null,"column":-1}},"13":{"start":{"line":21,"column":8},"end":{"line":null,"column":-1}},"14":{"start":{"line":21,"column":51},"end":{"line":21,"column":8}},"15":{"start":{"line":25,"column":8},"end":{"line":null,"column":-1}},"16":{"start":{"line":26,"column":8},"end":{"line":null,"column":-1}}},"fnMap":{"0":{"name":"(anonymous_0)","decl":{"start":{"line":8,"column":4},"end":{"line":8,"column":15}},"loc":{"start":{"line":8,"column":25},"end":{"line":18,"column":5}}},"1":{"name":"(anonymous_1)","decl":{"start":{"line":12,"column":36},"end":{"line":12,"column":42}},"loc":{"start":{"line":12,"column":43},"end":{"line":12,"column":8}}},"2":{"name":"(anonymous_2)","decl":{"start":{"line":13,"column":37},"end":{"line":13,"column":43}},"loc":{"start":{"line":13,"column":44},"end":{"line":13,"column":8}}},"3":{"name":"(anonymous_3)","decl":{"start":{"line":15,"column":43},"end":{"line":15,"column":47}},"loc":{"start":{"line":15,"column":48},"end":{"line":15,"column":24}}},"4":{"name":"(anonymous_4)","decl":{"start":{"line":20,"column":4},"end":{"line":20,"column":13}},"loc":{"start":{"line":20,"column":14},"end":{"line":22,"column":5}}},"5":{"name":"(anonymous_5)","decl":{"start":{"line":21,"column":39},"end":{"line":21,"column":50}},"loc":{"start":{"line":21,"column":51},"end":{"line":21,"column":8}}},"6":{"name":"(anonymous_6)","decl":{"start":{"line":24,"column":4},"end":{"line":24,"column":10}},"loc":{"start":{"line":24,"column":20},"end":{"line":27,"column":5}}}},"branchMap":{},"s":{"0":0,"1":0,"2":0,"3":0,"4":0,"5":0,"6":0,"7":0,"8":0,"9":0,"10":0,"11":0,"12":0,"13":0,"14":0,"15":0,"16":0},"f":{"0":0,"1":0,"2":0,"3":0,"4":0,"5":0,"6":0},"b":{}}
,"/Users/andrew/dev/argali-2/src/components/no-selection.js": {"path":"/Users/andrew/dev/argali-2/src/components/no-selection.js","statementMap":{"0":{"start":{"line":3,"column":8},"end":{"line":null,"column":-1}}},"fnMap":{"0":{"name":"(anonymous_0)","decl":{"start":{"line":2,"column":4},"end":{"line":2,"column":17}},"loc":{"start":{"line":2,"column":18},"end":{"line":4,"column":5}}}},"branchMap":{},"s":{"0":0},"f":{"0":0},"b":{}}
,"/Users/andrew/dev/argali-2/src/components/report.js": {"path":"/Users/andrew/dev/argali-2/src/components/report.js","statementMap":{"0":{"start":{"line":1,"column":0},"end":{"line":null,"column":-1}},"1":{"start":{"line":2,"column":0},"end":{"line":null,"column":-1}},"2":{"start":{"line":4,"column":0},"end":{"line":null,"column":-1}},"3":{"start":{"line":6,"column":15},"end":{"line":6,"column":0}},"4":{"start":{"line":11,"column":8},"end":{"line":null,"column":-1}},"5":{"start":{"line":13,"column":8},"end":{"line":null,"column":-1}},"6":{"start":{"line":14,"column":8},"end":{"line":null,"column":-1}}},"fnMap":{"0":{"name":"(anonymous_0)","decl":{"start":{"line":10,"column":4},"end":{"line":10,"column":15}},"loc":{"start":{"line":10,"column":20},"end":{"line":15,"column":5}}}},"branchMap":{},"s":{"0":0,"1":0,"2":0,"3":0,"4":0,"5":0,"6":0},"f":{"0":0},"b":{}}
,"/Users/andrew/dev/argali-2/src/components/staff.js": {"path":"/Users/andrew/dev/argali-2/src/components/staff.js","statementMap":{"0":{"start":{"line":1,"column":0},"end":{"line":null,"column":-1}},"1":{"start":{"line":2,"column":0},"end":{"line":null,"column":-1}},"2":{"start":{"line":3,"column":0},"end":{"line":null,"column":-1}},"3":{"start":{"line":4,"column":0},"end":{"line":null,"column":-1}},"4":{"start":{"line":6,"column":0},"end":{"line":null,"column":-1}},"5":{"start":{"line":8,"column":0},"end":{"line":null,"column":-1}},"6":{"start":{"line":9,"column":0},"end":{"line":null,"column":-1}},"7":{"start":{"line":14,"column":8},"end":{"line":null,"column":-1}},"8":{"start":{"line":15,"column":8},"end":{"line":null,"column":-1}},"9":{"start":{"line":16,"column":8},"end":{"line":null,"column":-1}},"10":{"start":{"line":23,"column":22},"end":{"line":23,"column":8}},"11":{"start":{"line":24,"column":8},"end":{"line":null,"column":-1}},"12":{"start":{"line":25,"column":8},"end":{"line":null,"column":-1}},"13":{"start":{"line":29,"column":8},"end":{"line":null,"column":-1}},"14":{"start":{"line":30,"column":8},"end":{"line":null,"column":-1}},"15":{"start":{"line":34,"column":8},"end":{"line":null,"column":-1}},"16":{"start":{"line":35,"column":8},"end":{"line":null,"column":-1}}},"fnMap":{"0":{"name":"(anonymous_1)","decl":{"start":{"line":13,"column":4},"end":{"line":13,"column":15}},"loc":{"start":{"line":13,"column":20},"end":{"line":17,"column":5}}},"1":{"name":"(anonymous_2)","decl":{"start":{"line":19,"column":4},"end":{"line":19,"column":14}},"loc":{"start":{"line":19,"column":15},"end":{"line":20,"column":5}}},"2":{"name":"(anonymous_3)","decl":{"start":{"line":22,"column":4},"end":{"line":22,"column":10}},"loc":{"start":{"line":22,"column":11},"end":{"line":26,"column":5}}},"3":{"name":"(anonymous_4)","decl":{"start":{"line":28,"column":4},"end":{"line":28,"column":15}},"loc":{"start":{"line":28,"column":22},"end":{"line":31,"column":5}}},"4":{"name":"(anonymous_5)","decl":{"start":{"line":33,"column":4},"end":{"line":33,"column":18}},"loc":{"start":{"line":33,"column":25},"end":{"line":36,"column":5}}}},"branchMap":{},"s":{"0":0,"1":0,"2":0,"3":0,"4":0,"5":0,"6":0,"7":0,"8":0,"9":0,"10":0,"11":0,"12":0,"13":0,"14":0,"15":0,"16":0},"f":{"0":0,"1":0,"2":0,"3":0,"4":0},"b":{}}
,"/Users/andrew/dev/argali-2/src/engine/shift-reports.js": {"path":"/Users/andrew/dev/argali-2/src/engine/shift-reports.js","statementMap":{"0":{"start":{"line":6,"column":10},"end":{"line":6,"column":0}},"1":{"start":{"line":8,"column":15},"end":{"line":8,"column":0}},"2":{"start":{"line":11,"column":14},"end":{"line":11,"column":0}},"3":{"start":{"line":12,"column":22},"end":{"line":12,"column":4}},"4":{"start":{"line":14,"column":23},"end":{"line":14,"column":4}},"5":{"start":{"line":15,"column":8},"end":{"line":null,"column":-1}},"6":{"start":{"line":18,"column":4},"end":{"line":null,"column":-1}},"7":{"start":{"line":21,"column":15},"end":{"line":21,"column":0}},"8":{"start":{"line":22,"column":22},"end":{"line":22,"column":4}},"9":{"start":{"line":24,"column":23},"end":{"line":24,"column":4}},"10":{"start":{"line":25,"column":8},"end":{"line":null,"column":-1}},"11":{"start":{"line":28,"column":14},"end":{"line":28,"column":4}},"12":{"start":{"line":29,"column":4},"end":{"line":null,"column":-1}},"13":{"start":{"line":30,"column":4},"end":{"line":null,"column":-1}},"14":{"start":{"line":34,"column":0},"end":{"line":null,"column":-1}}},"fnMap":{"0":{"name":"(anonymous_0)","decl":{"start":{"line":11,"column":14},"end":{"line":11,"column":24}},"loc":{"start":{"line":11,"column":25},"end":{"line":11,"column":0}}},"1":{"name":"(anonymous_1)","decl":{"start":{"line":14,"column":23},"end":{"line":14,"column":29}},"loc":{"start":{"line":14,"column":30},"end":{"line":14,"column":4}}},"2":{"name":"(anonymous_2)","decl":{"start":{"line":21,"column":15},"end":{"line":21,"column":25}},"loc":{"start":{"line":21,"column":26},"end":{"line":21,"column":0}}},"3":{"name":"(anonymous_3)","decl":{"start":{"line":24,"column":23},"end":{"line":24,"column":29}},"loc":{"start":{"line":24,"column":30},"end":{"line":24,"column":4}}}},"branchMap":{},"s":{"0":0,"1":0,"2":0,"3":0,"4":0,"5":0,"6":0,"7":0,"8":0,"9":0,"10":0,"11":0,"12":0,"13":0,"14":0},"f":{"0":0,"1":0,"2":0,"3":0},"b":{}}
,"/Users/andrew/dev/argali-2/src/engine/shifts.js": {"path":"/Users/andrew/dev/argali-2/src/engine/shifts.js","statementMap":{"0":{"start":{"line":6,"column":10},"end":{"line":6,"column":0}},"1":{"start":{"line":7,"column":14},"end":{"line":7,"column":0}},"2":{"start":{"line":8,"column":14},"end":{"line":8,"column":0}},"3":{"start":{"line":10,"column":16},"end":{"line":10,"column":0}},"4":{"start":{"line":11,"column":18},"end":{"line":11,"column":0}},"5":{"start":{"line":13,"column":14},"end":{"line":13,"column":0}},"6":{"start":{"line":14,"column":21},"end":{"line":14,"column":4}},"7":{"start":{"line":16,"column":4},"end":{"line":19,"column":5}},"8":{"start":{"line":17,"column":8},"end":{"line":null,"column":-1}},"9":{"start":{"line":18,"column":8},"end":{"line":null,"column":-1}},"10":{"start":{"line":21,"column":4},"end":{"line":24,"column":5}},"11":{"start":{"line":22,"column":8},"end":{"line":null,"column":-1}},"12":{"start":{"line":23,"column":8},"end":{"line":null,"column":-1}},"13":{"start":{"line":26,"column":4},"end":{"line":null,"column":-1}},"14":{"start":{"line":31,"column":4},"end":{"line":null,"column":-1}},"15":{"start":{"line":34,"column":12},"end":{"line":34,"column":0}},"16":{"start":{"line":35,"column":19},"end":{"line":35,"column":4}},"17":{"start":{"line":36,"column":23},"end":{"line":36,"column":4}},"18":{"start":{"line":38,"column":18},"end":{"line":38,"column":4}},"19":{"start":{"line":39,"column":4},"end":{"line":42,"column":5}},"20":{"start":{"line":40,"column":8},"end":{"line":null,"column":-1}},"21":{"start":{"line":41,"column":8},"end":{"line":null,"column":-1}},"22":{"start":{"line":43,"column":4},"end":{"line":null,"column":-1}},"23":{"start":{"line":44,"column":4},"end":{"line":null,"column":-1}},"24":{"start":{"line":45,"column":4},"end":{"line":null,"column":-1}},"25":{"start":{"line":47,"column":4},"end":{"line":null,"column":-1}},"26":{"start":{"line":48,"column":4},"end":{"line":null,"column":-1}},"27":{"start":{"line":51,"column":16},"end":{"line":51,"column":0}},"28":{"start":{"line":51,"column":22},"end":{"line":51,"column":0}},"29":{"start":{"line":52,"column":18},"end":{"line":52,"column":0}},"30":{"start":{"line":52,"column":24},"end":{"line":52,"column":0}},"31":{"start":{"line":54,"column":14},"end":{"line":54,"column":0}},"32":{"start":{"line":55,"column":4},"end":{"line":null,"column":-1}},"33":{"start":{"line":56,"column":4},"end":{"line":null,"column":-1}},"34":{"start":{"line":59,"column":0},"end":{"line":null,"column":-1}}},"fnMap":{"0":{"name":"(anonymous_0)","decl":{"start":{"line":13,"column":14},"end":{"line":13,"column":22}},"loc":{"start":{"line":13,"column":29},"end":{"line":13,"column":0}}},"1":{"name":"(anonymous_1)","decl":{"start":{"line":34,"column":12},"end":{"line":34,"column":20}},"loc":{"start":{"line":34,"column":27},"end":{"line":34,"column":0}}},"2":{"name":"(anonymous_2)","decl":{"start":{"line":51,"column":16},"end":{"line":51,"column":21}},"loc":{"start":{"line":51,"column":22},"end":{"line":51,"column":0}}},"3":{"name":"(anonymous_3)","decl":{"start":{"line":52,"column":18},"end":{"line":52,"column":23}},"loc":{"start":{"line":52,"column":24},"end":{"line":52,"column":0}}},"4":{"name":"(anonymous_4)","decl":{"start":{"line":54,"column":14},"end":{"line":54,"column":24}},"loc":{"start":{"line":54,"column":25},"end":{"line":54,"column":0}}}},"branchMap":{"0":{"loc":{"start":{"line":14,"column":32},"end":{"line":14,"column":56}},"type":"binary-expr","locations":[{"start":{"line":14,"column":32},"end":{"line":14,"column":56}},{"start":{"line":14,"column":57},"end":{"line":14,"column":21}}]},"1":{"loc":{"start":{"line":16,"column":4},"end":{"line":19,"column":5}},"type":"if","locations":[{"start":{"line":16,"column":4},"end":{"line":19,"column":5}},{"start":{"line":16,"column":4},"end":{"line":19,"column":5}}]},"2":{"loc":{"start":{"line":21,"column":4},"end":{"line":24,"column":5}},"type":"if","locations":[{"start":{"line":21,"column":4},"end":{"line":24,"column":5}},{"start":{"line":21,"column":4},"end":{"line":24,"column":5}}]},"3":{"loc":{"start":{"line":35,"column":30},"end":{"line":35,"column":54}},"type":"binary-expr","locations":[{"start":{"line":35,"column":30},"end":{"line":35,"column":54}},{"start":{"line":35,"column":55},"end":{"line":35,"column":19}}]},"4":{"loc":{"start":{"line":36,"column":34},"end":{"line":36,"column":60}},"type":"binary-expr","locations":[{"start":{"line":36,"column":34},"end":{"line":36,"column":60}},{"start":{"line":36,"column":61},"end":{"line":36,"column":23}}]},"5":{"loc":{"start":{"line":39,"column":4},"end":{"line":42,"column":5}},"type":"if","locations":[{"start":{"line":39,"column":4},"end":{"line":42,"column":5}},{"start":{"line":39,"column":4},"end":{"line":42,"column":5}}]},"6":{"loc":{"start":{"line":51,"column":33},"end":{"line":51,"column":57}},"type":"binary-expr","locations":[{"start":{"line":51,"column":33},"end":{"line":51,"column":57}},{"start":{"line":51,"column":58},"end":{"line":51,"column":22}}]},"7":{"loc":{"start":{"line":52,"column":35},"end":{"line":52,"column":61}},"type":"binary-expr","locations":[{"start":{"line":52,"column":35},"end":{"line":52,"column":61}},{"start":{"line":52,"column":62},"end":{"line":52,"column":24}}]}},"s":{"0":0,"1":0,"2":0,"3":0,"4":0,"5":0,"6":0,"7":0,"8":0,"9":0,"10":0,"11":0,"12":0,"13":0,"14":0,"15":0,"16":0,"17":0,"18":0,"19":0,"20":0,"21":0,"22":0,"23":0,"24":0,"25":0,"26":0,"27":0,"28":0,"29":0,"30":0,"31":0,"32":0,"33":0,"34":0},"f":{"0":0,"1":0,"2":0,"3":0,"4":0},"b":{"0":[0,0],"1":[0,0],"2":[0,0],"3":[0,0],"4":[0,0],"5":[0,0],"6":[0,0],"7":[0,0]}}
,"/Users/andrew/dev/argali-2/src/engine/users.js": {"path":"/Users/andrew/dev/argali-2/src/engine/users.js","statementMap":{"0":{"start":{"line":1,"column":15},"end":{"line":1,"column":0}},"1":{"start":{"line":7,"column":14},"end":{"line":7,"column":0}},"2":{"start":{"line":8,"column":4},"end":{"line":null,"column":-1}},"3":{"start":{"line":11,"column":0},"end":{"line":null,"column":-1}}},"fnMap":{"0":{"name":"(anonymous_0)","decl":{"start":{"line":7,"column":14},"end":{"line":7,"column":24}},"loc":{"start":{"line":7,"column":25},"end":{"line":7,"column":0}}}},"branchMap":{},"s":{"0":0,"1":0,"2":0,"3":0},"f":{"0":0},"b":{}}
,"/Users/andrew/dev/argali-2/src/resources/index.js": {"path":"/Users/andrew/dev/argali-2/src/resources/index.js","statementMap":{},"fnMap":{"0":{"name":"configure","decl":{"start":{"line":1,"column":16},"end":{"line":1,"column":7}},"loc":{"start":{"line":1,"column":34},"end":{"line":3,"column":1}}}},"branchMap":{},"s":{},"f":{"0":0},"b":{}}
}
