TN:
SF:/Users/andrew/dev/argali-2/src/engine/engine-api.js
FN:3,(anonymous_0)
FN:10,(anonymous_1)
FN:14,(anonymous_2)
FNF:3
FNH:2
FNDA:2,(anonymous_0)
FNDA:0,(anonymous_1)
FNDA:1,(anonymous_2)
DA:5,2
DA:6,2
DA:7,2
DA:11,0
DA:15,1
LF:5
LH:4
BRDA:6,0,0,2
BRDA:6,0,1,0
BRDA:6,0,2,0
BRF:3
BRH:1
end_of_record
TN:
SF:/Users/andrew/dev/argali-2/src/engine/shift-reports.js
FN:11,(anonymous_0)
FN:14,(anonymous_1)
FN:21,(anonymous_2)
FN:24,(anonymous_3)
FNF:4
FNH:0
FNDA:0,(anonymous_0)
FNDA:0,(anonymous_1)
FNDA:0,(anonymous_2)
FNDA:0,(anonymous_3)
DA:6,1
DA:8,1
DA:11,1
DA:12,0
DA:14,0
DA:15,0
DA:18,0
DA:21,1
DA:22,0
DA:24,0
DA:25,0
DA:28,0
DA:29,0
DA:30,0
DA:34,1
LF:15
LH:5
BRF:0
BRH:0
end_of_record
TN:
SF:/Users/andrew/dev/argali-2/src/engine/shifts.js
FN:15,(anonymous_0)
FN:36,(anonymous_1)
FN:53,(anonymous_2)
FN:54,(anonymous_3)
FN:56,(anonymous_4)
FN:61,(anonymous_5)
FNF:6
FNH:2
FNDA:1,(anonymous_0)
FNDA:0,(anonymous_1)
FNDA:0,(anonymous_2)
FNDA:0,(anonymous_3)
FNDA:0,(anonymous_4)
FNDA:3,(anonymous_5)
DA:6,1
DA:7,1
DA:8,1
DA:10,1
DA:11,1
DA:13,1
DA:15,1
DA:16,1
DA:18,1
DA:19,0
DA:20,0
DA:23,1
DA:24,0
DA:25,0
DA:28,1
DA:33,1
DA:36,1
DA:37,0
DA:38,0
DA:40,0
DA:41,0
DA:42,0
DA:43,0
DA:45,0
DA:46,0
DA:47,0
DA:49,0
DA:50,0
DA:53,1
DA:54,1
DA:56,1
DA:57,0
DA:58,0
DA:61,1
DA:62,3
DA:63,3
LF:36
LH:19
BRDA:16,0,0,1
BRDA:16,0,1,1
BRDA:18,1,0,0
BRDA:18,1,1,1
BRDA:23,2,0,0
BRDA:23,2,1,1
BRDA:37,3,0,0
BRDA:37,3,1,0
BRDA:38,4,0,0
BRDA:38,4,1,0
BRDA:41,5,0,0
BRDA:41,5,1,0
BRDA:53,6,0,0
BRDA:53,6,1,0
BRDA:54,7,0,0
BRDA:54,7,1,0
BRF:16
BRH:4
end_of_record
TN:
SF:/Users/andrew/dev/argali-2/src/engine/users.js
FN:7,(anonymous_0)
FNF:1
FNH:1
FNDA:1,(anonymous_0)
DA:1,1
DA:7,1
DA:8,1
DA:11,1
LF:4
LH:4
BRF:0
BRH:0
end_of_record
